<?xml version="1.0" encoding="UTF-8"?>
<!-- Generated by org.testng.reporters.JUnitReportReporter -->
<testsuite hostname="LAPTOP-KS70SQGQ" failures="0" tests="1" name="testCase.TC_01_AC_Creation" time="1.515" errors="0" timestamp="2025-06-27T23:19:28 IST" skipped="0">
  <testcase classname="testCase.TC_01_AC_Creation" name="mainTest" time="1.515"/>
</testsuite> <!-- testCase.TC_01_AC_Creation -->
