<?xml version="1.0" encoding="UTF-8"?>
<!-- Generated by org.testng.reporters.JUnitReportReporter -->
<testsuite hostname="NAGSEZ545533L" failures="0" tests="1" name="testCase.testngtesting01" time="0.047" errors="0" timestamp="2025-06-19T11:44:36 IST" skipped="0">
  <testcase classname="testCase.testngtesting01" name="testttet" time="0.047"/>
</testsuite> <!-- testCase.testngtesting01 -->
