<?xml version="1.0" encoding="UTF-8"?>
<!-- Generated by org.testng.reporters.JUnitReportReporter -->
<testsuite hostname="NAGSEZ545533L" failures="0" tests="1" name="testCase.TC_03_ShopingCart_Test" time="8.357" errors="0" timestamp="2025-06-24T17:25:59 IST" skipped="0">
  <testcase classname="testCase.TC_03_ShopingCart_Test" name="shoppingCartTest" time="8.357"/>
</testsuite> <!-- testCase.TC_03_ShopingCart_Test -->
