<?xml version="1.0" encoding="UTF-8"?>
<!-- Generated by org.testng.reporters.JUnitReportReporter -->
<testsuite hostname="LAPTOP-KS70SQGQ" failures="0" tests="1" name="testCase.TC_03_ShopingCart_Test" time="6.549" errors="0" timestamp="2025-06-28T10:15:59 IST" skipped="0">
  <testcase classname="testCase.TC_03_ShopingCart_Test" name="shoppingCartTest" time="6.549"/>
</testsuite> <!-- testCase.TC_03_ShopingCart_Test -->
